<?xml version="1.0" encoding="UTF-8"?>
<!-- Generated by org.testng.reporters.JUnitReportReporter -->
<testsuite hostname="MUMTEWD0500" name="com.TIautomation.TimesInfluence.TIlogin" tests="4" failures="0" timestamp="10 Aug 2018 11:43:02 GMT" time="12.105" errors="0">
  <testcase name="tiLogin" time="2.665" classname="com.TIautomation.TimesInfluence.TIlogin"/>
  <testcase name="tiLogout" time="4.207" classname="com.TIautomation.TimesInfluence.TIlogin"/>
  <testcase name="tiLogin" time="2.796" classname="com.TIautomation.TimesInfluence.TIlogin"/>
  <testcase name="tiLogin" time="2.437" classname="com.TIautomation.TimesInfluence.TIlogin"/>
</testsuite> <!-- com.TIautomation.TimesInfluence.TIlogin -->
