<?xml version="1.0" encoding="UTF-8"?>
<!-- Generated by org.testng.reporters.JUnitReportReporter -->
<testsuite hostname="MUMTEWD0500" name="com.TIautomation.TimesInfluence.TIlogin" tests="1" failures="0" timestamp="3 Jul 2018 07:18:39 GMT" time="0.000" errors="1">
  <testcase name="tiLogin" time="0.000" classname="com.TIautomation.TimesInfluence.TIlogin">
    <error type="org.testng.TestNGException" message="
Method public void com.TIautomation.TimesInfluence.TIlogin.tiLogin(java.lang.String,java.lang.String,java.lang.String) throws java.lang.InterruptedException,com.mentorstudies.automationframework.exception.AutomationFrameworkException requires a @DataProvider named : defaultDP">
      <![CDATA[org.testng.TestNGException: 
Method public void com.TIautomation.TimesInfluence.TIlogin.tiLogin(java.lang.String,java.lang.String,java.lang.String) throws java.lang.InterruptedException,com.mentorstudies.automationframework.exception.AutomationFrameworkException requires a @DataProvider named : defaultDP
	at org.testng.internal.Parameters.findDataProvider(Parameters.java:263)
	at org.testng.internal.Parameters.handleParameters(Parameters.java:419)
	at org.testng.internal.Invoker.handleParameters(Invoker.java:1274)
	at org.testng.internal.Invoker.createParameters(Invoker.java:989)
	at org.testng.internal.Invoker.invokeTestMethods(Invoker.java:1079)
	at org.testng.internal.TestMethodWorker.invokeTestMethods(TestMethodWorker.java:129)
	at org.testng.internal.TestMethodWorker.run(TestMethodWorker.java:112)
	at org.testng.TestRunner.privateRun(TestRunner.java:782)
	at org.testng.TestRunner.run(TestRunner.java:632)
	at org.testng.SuiteRunner.runTest(SuiteRunner.java:366)
	at org.testng.SuiteRunner.runSequentially(SuiteRunner.java:361)
	at org.testng.SuiteRunner.privateRun(SuiteRunner.java:319)
	at org.testng.SuiteRunner.run(SuiteRunner.java:268)
	at org.testng.SuiteRunnerWorker.runSuite(SuiteRunnerWorker.java:52)
	at org.testng.SuiteRunnerWorker.run(SuiteRunnerWorker.java:86)
	at org.testng.TestNG.runSuitesSequentially(TestNG.java:1244)
	at org.testng.TestNG.runSuitesLocally(TestNG.java:1169)
	at org.testng.TestNG.run(TestNG.java:1064)
	at org.testng.remote.AbstractRemoteTestNG.run(AbstractRemoteTestNG.java:114)
	at org.testng.remote.RemoteTestNG.initAndRun(RemoteTestNG.java:251)
	at org.testng.remote.RemoteTestNG.main(RemoteTestNG.java:77)
]]>
    </error>
  </testcase> <!-- tiLogin -->
</testsuite> <!-- com.TIautomation.TimesInfluence.TIlogin -->
